{"C:\\Users\\Michael-Dev\\Desktop\\Andela\\Backend\\MyBrand-BE\\Typescript-BE\\MyBrand-BE\\src\\app.ts": {"path":"C:\\Users\\Michael-Dev\\Desktop\\Andela\\Backend\\MyBrand-BE\\Typescript-BE\\MyBrand-BE\\src\\app.ts","statementMap":{"0":{"start":{"line":1,"column":0},"end":{"line":1,"column":30}},"1":{"start":{"line":2,"column":0},"end":{"line":2,"column":36}},"2":{"start":{"line":3,"column":0},"end":{"line":3,"column":28}},"3":{"start":{"line":4,"column":0},"end":{"line":4,"column":44}},"4":{"start":{"line":5,"column":0},"end":{"line":5,"column":50}},"5":{"start":{"line":6,"column":0},"end":{"line":6,"column":35}},"6":{"start":{"line":7,"column":0},"end":{"line":7,"column":50}},"7":{"start":{"line":8,"column":0},"end":{"line":8,"column":16}},"8":{"start":{"line":10,"column":12},"end":{"line":10,"column":21}},"9":{"start":{"line":11,"column":13},"end":{"line":11,"column":29}},"10":{"start":{"line":13,"column":0},"end":{"line":13,"column":null}},"11":{"start":{"line":15,"column":0},"end":{"line":15,"column":24}},"12":{"start":{"line":17,"column":0},"end":{"line":17,"column":65}},"13":{"start":{"line":19,"column":0},"end":{"line":21,"column":3}},"14":{"start":{"line":20,"column":2},"end":{"line":20,"column":62}},"15":{"start":{"line":23,"column":0},"end":{"line":23,"column":19}}},"fnMap":{"0":{"name":"(anonymous_1)","decl":{"start":{"line":19,"column":17},"end":{"line":19,"column":20}},"loc":{"start":{"line":19,"column":22},"end":{"line":21,"column":1}}}},"branchMap":{},"s":{"0":1,"1":1,"2":1,"3":1,"4":1,"5":1,"6":1,"7":1,"8":1,"9":1,"10":1,"11":1,"12":1,"13":1,"14":0,"15":1},"f":{"0":0},"b":{}}
,"C:\\Users\\Michael-Dev\\Desktop\\Andela\\Backend\\MyBrand-BE\\Typescript-BE\\MyBrand-BE\\src\\config\\configure.ts": {"path":"C:\\Users\\Michael-Dev\\Desktop\\Andela\\Backend\\MyBrand-BE\\Typescript-BE\\MyBrand-BE\\src\\config\\configure.ts","statementMap":{"0":{"start":{"line":1,"column":0},"end":{"line":1,"column":32}},"1":{"start":{"line":2,"column":0},"end":{"line":2,"column":28}},"2":{"start":{"line":3,"column":0},"end":{"line":3,"column":16}},"3":{"start":{"line":6,"column":25},"end":{"line":6,"column":49}},"4":{"start":{"line":7,"column":11},"end":{"line":14,"column":4}},"5":{"start":{"line":7,"column":37},"end":{"line":14,"column":4}},"6":{"start":{"line":8,"column":4},"end":{"line":13,"column":5}},"7":{"start":{"line":9,"column":6},"end":{"line":9,"column":39}},"8":{"start":{"line":10,"column":6},"end":{"line":10,"column":35}},"9":{"start":{"line":12,"column":6},"end":{"line":12,"column":27}},"10":{"start":{"line":16,"column":2},"end":{"line":16,"column":20}}},"fnMap":{"0":{"name":"(anonymous_8)","decl":{"start":{"line":7,"column":11},"end":{"line":7,"column":35}},"loc":{"start":{"line":7,"column":37},"end":{"line":14,"column":4}}},"1":{"name":"(anonymous_9)","decl":{"start":{"line":7,"column":37},"end":{"line":7,"column":null}},"loc":{"start":{"line":7,"column":37},"end":{"line":14,"column":3}}}},"branchMap":{},"s":{"0":1,"1":1,"2":1,"3":1,"4":1,"5":1,"6":1,"7":1,"8":1,"9":0,"10":1},"f":{"0":1,"1":1},"b":{}}
,"C:\\Users\\Michael-Dev\\Desktop\\Andela\\Backend\\MyBrand-BE\\Typescript-BE\\MyBrand-BE\\src\\controllers\\blogController.ts": {"path":"C:\\Users\\Michael-Dev\\Desktop\\Andela\\Backend\\MyBrand-BE\\Typescript-BE\\MyBrand-BE\\src\\controllers\\blogController.ts","statementMap":{"0":{"start":{"line":2,"column":0},"end":{"line":2,"column":46}},"1":{"start":{"line":4,"column":0},"end":{"line":4,"column":45}},"2":{"start":{"line":5,"column":0},"end":{"line":5,"column":47}},"3":{"start":{"line":8,"column":19},"end":{"line":32,"column":2}},"4":{"start":{"line":8,"column":57},"end":{"line":32,"column":2}},"5":{"start":{"line":9,"column":2},"end":{"line":31,"column":3}},"6":{"start":{"line":10,"column":29},"end":{"line":10,"column":58}},"7":{"start":{"line":11,"column":4},"end":{"line":13,"column":5}},"8":{"start":{"line":12,"column":6},"end":{"line":12,"column":60}},"9":{"start":{"line":14,"column":31},"end":{"line":14,"column":36}},"10":{"start":{"line":15,"column":4},"end":{"line":17,"column":5}},"11":{"start":{"line":16,"column":6},"end":{"line":16,"column":76}},"12":{"start":{"line":18,"column":18},"end":{"line":18,"column":47}},"13":{"start":{"line":19,"column":4},"end":{"line":21,"column":5}},"14":{"start":{"line":20,"column":6},"end":{"line":20,"column":63}},"15":{"start":{"line":22,"column":19},"end":{"line":22,"column":66}},"16":{"start":{"line":23,"column":17},"end":{"line":27,"column":6}},"17":{"start":{"line":28,"column":4},"end":{"line":28,"column":38}},"18":{"start":{"line":30,"column":4},"end":{"line":30,"column":34}},"19":{"start":{"line":152,"column":9},"end":{"line":152,"column":19}},"20":{"start":{"line":34,"column":16},"end":{"line":41,"column":2}},"21":{"start":{"line":34,"column":54},"end":{"line":41,"column":2}},"22":{"start":{"line":35,"column":2},"end":{"line":40,"column":3}},"23":{"start":{"line":36,"column":17},"end":{"line":36,"column":51}},"24":{"start":{"line":37,"column":4},"end":{"line":37,"column":31}},"25":{"start":{"line":39,"column":4},"end":{"line":39,"column":30}},"26":{"start":{"line":152,"column":33},"end":{"line":152,"column":40}},"27":{"start":{"line":65,"column":17},"end":{"line":80,"column":null}},"28":{"start":{"line":65,"column":50},"end":{"line":80,"column":null}},"29":{"start":{"line":66,"column":2},"end":{"line":79,"column":7}},"30":{"start":{"line":67,"column":15},"end":{"line":67,"column":49}},"31":{"start":{"line":68,"column":20},"end":{"line":72,"column":20}},"32":{"start":{"line":73,"column":6},"end":{"line":76,"column":9}},"33":{"start":{"line":78,"column":8},"end":{"line":78,"column":64}},"34":{"start":{"line":152,"column":42},"end":{"line":152,"column":52}},"35":{"start":{"line":82,"column":19},"end":{"line":96,"column":2}},"36":{"start":{"line":82,"column":57},"end":{"line":96,"column":2}},"37":{"start":{"line":83,"column":2},"end":{"line":95,"column":3}},"38":{"start":{"line":84,"column":17},"end":{"line":84,"column":51}},"39":{"start":{"line":85,"column":4},"end":{"line":92,"column":5}},"40":{"start":{"line":86,"column":6},"end":{"line":88,"column":7}},"41":{"start":{"line":87,"column":8},"end":{"line":87,"column":31}},"42":{"start":{"line":89,"column":6},"end":{"line":89,"column":54}},"43":{"start":{"line":91,"column":6},"end":{"line":91,"column":32}},"44":{"start":{"line":94,"column":4},"end":{"line":94,"column":30}},"45":{"start":{"line":152,"column":54},"end":{"line":152,"column":64}},"46":{"start":{"line":98,"column":19},"end":{"line":107,"column":2}},"47":{"start":{"line":98,"column":57},"end":{"line":107,"column":2}},"48":{"start":{"line":99,"column":19},"end":{"line":99,"column":33}},"49":{"start":{"line":100,"column":2},"end":{"line":106,"column":3}},"50":{"start":{"line":102,"column":4},"end":{"line":102,"column":30}},"51":{"start":{"line":103,"column":4},"end":{"line":103,"column":32}},"52":{"start":{"line":105,"column":4},"end":{"line":105,"column":30}},"53":{"start":{"line":152,"column":21},"end":{"line":152,"column":31}},"54":{"start":{"line":108,"column":14},"end":{"line":123,"column":2}},"55":{"start":{"line":108,"column":52},"end":{"line":123,"column":2}},"56":{"start":{"line":109,"column":2},"end":{"line":122,"column":3}},"57":{"start":{"line":110,"column":19},"end":{"line":110,"column":32}},"58":{"start":{"line":111,"column":17},"end":{"line":111,"column":44}},"59":{"start":{"line":113,"column":4},"end":{"line":115,"column":5}},"60":{"start":{"line":114,"column":6},"end":{"line":114,"column":57}},"61":{"start":{"line":117,"column":4},"end":{"line":117,"column":67}},"62":{"start":{"line":119,"column":4},"end":{"line":119,"column":63}},"63":{"start":{"line":121,"column":4},"end":{"line":121,"column":54}},"64":{"start":{"line":152,"column":66},"end":{"line":152,"column":71}}},"fnMap":{"0":{"name":"(anonymous_8)","decl":{"start":{"line":8,"column":19},"end":{"line":8,"column":26}},"loc":{"start":{"line":8,"column":57},"end":{"line":32,"column":2}}},"1":{"name":"(anonymous_9)","decl":{"start":{"line":8,"column":57},"end":{"line":8,"column":null}},"loc":{"start":{"line":8,"column":57},"end":{"line":32,"column":1}}},"2":{"name":"(anonymous_10)","decl":{"start":{"line":34,"column":16},"end":{"line":34,"column":23}},"loc":{"start":{"line":34,"column":54},"end":{"line":41,"column":2}}},"3":{"name":"(anonymous_11)","decl":{"start":{"line":34,"column":54},"end":{"line":34,"column":null}},"loc":{"start":{"line":34,"column":54},"end":{"line":41,"column":1}}},"4":{"name":"(anonymous_12)","decl":{"start":{"line":65,"column":17},"end":{"line":65,"column":23}},"loc":{"start":{"line":65,"column":50},"end":{"line":80,"column":null}}},"5":{"name":"(anonymous_13)","decl":{"start":{"line":65,"column":50},"end":{"line":65,"column":null}},"loc":{"start":{"line":65,"column":50},"end":{"line":80,"column":1}}},"6":{"name":"(anonymous_14)","decl":{"start":{"line":82,"column":19},"end":{"line":82,"column":26}},"loc":{"start":{"line":82,"column":57},"end":{"line":96,"column":2}}},"7":{"name":"(anonymous_15)","decl":{"start":{"line":82,"column":57},"end":{"line":82,"column":null}},"loc":{"start":{"line":82,"column":57},"end":{"line":96,"column":1}}},"8":{"name":"(anonymous_16)","decl":{"start":{"line":98,"column":19},"end":{"line":98,"column":26}},"loc":{"start":{"line":98,"column":57},"end":{"line":107,"column":2}}},"9":{"name":"(anonymous_17)","decl":{"start":{"line":98,"column":57},"end":{"line":98,"column":null}},"loc":{"start":{"line":98,"column":57},"end":{"line":107,"column":1}}},"10":{"name":"(anonymous_18)","decl":{"start":{"line":108,"column":14},"end":{"line":108,"column":21}},"loc":{"start":{"line":108,"column":52},"end":{"line":123,"column":2}}},"11":{"name":"(anonymous_19)","decl":{"start":{"line":108,"column":52},"end":{"line":108,"column":null}},"loc":{"start":{"line":108,"column":52},"end":{"line":123,"column":1}}}},"branchMap":{"0":{"loc":{"start":{"line":11,"column":4},"end":{"line":13,"column":5}},"type":"if","locations":[{"start":{"line":11,"column":4},"end":{"line":13,"column":5}}]},"1":{"loc":{"start":{"line":15,"column":4},"end":{"line":17,"column":5}},"type":"if","locations":[{"start":{"line":15,"column":4},"end":{"line":17,"column":5}}]},"2":{"loc":{"start":{"line":19,"column":4},"end":{"line":21,"column":5}},"type":"if","locations":[{"start":{"line":19,"column":4},"end":{"line":21,"column":5}}]},"3":{"loc":{"start":{"line":86,"column":6},"end":{"line":88,"column":7}},"type":"if","locations":[{"start":{"line":86,"column":6},"end":{"line":88,"column":7}}]},"4":{"loc":{"start":{"line":113,"column":4},"end":{"line":115,"column":5}},"type":"if","locations":[{"start":{"line":113,"column":4},"end":{"line":115,"column":5}}]}},"s":{"0":1,"1":1,"2":1,"3":1,"4":4,"5":4,"6":4,"7":4,"8":3,"9":1,"10":1,"11":1,"12":0,"13":0,"14":0,"15":0,"16":0,"17":0,"18":0,"19":1,"20":1,"21":2,"22":2,"23":2,"24":1,"25":1,"26":1,"27":1,"28":1,"29":1,"30":1,"31":1,"32":1,"33":0,"34":1,"35":1,"36":1,"37":1,"38":1,"39":1,"40":1,"41":0,"42":1,"43":0,"44":0,"45":1,"46":1,"47":1,"48":1,"49":1,"50":1,"51":1,"52":0,"53":1,"54":1,"55":1,"56":1,"57":1,"58":1,"59":0,"60":0,"61":0,"62":0,"63":1,"64":1},"f":{"0":4,"1":4,"2":2,"3":2,"4":1,"5":1,"6":1,"7":1,"8":1,"9":1,"10":1,"11":1},"b":{"0":[3],"1":[1],"2":[0],"3":[0],"4":[0]}}
,"C:\\Users\\Michael-Dev\\Desktop\\Andela\\Backend\\MyBrand-BE\\Typescript-BE\\MyBrand-BE\\src\\controllers\\commentController.ts": {"path":"C:\\Users\\Michael-Dev\\Desktop\\Andela\\Backend\\MyBrand-BE\\Typescript-BE\\MyBrand-BE\\src\\controllers\\commentController.ts","statementMap":{"0":{"start":{"line":1,"column":0},"end":{"line":1,"column":50}},"1":{"start":{"line":2,"column":0},"end":{"line":2,"column":34}},"2":{"start":{"line":5,"column":18},"end":{"line":24,"column":2}},"3":{"start":{"line":5,"column":56},"end":{"line":24,"column":2}},"4":{"start":{"line":6,"column":2},"end":{"line":23,"column":3}},"5":{"start":{"line":8,"column":19},"end":{"line":8,"column":32}},"6":{"start":{"line":9,"column":17},"end":{"line":9,"column":52}},"7":{"start":{"line":10,"column":4},"end":{"line":12,"column":5}},"8":{"start":{"line":11,"column":6},"end":{"line":11,"column":58}},"9":{"start":{"line":13,"column":23},"end":{"line":18,"column":6}},"10":{"start":{"line":19,"column":4},"end":{"line":19,"column":28}},"11":{"start":{"line":20,"column":4},"end":{"line":20,"column":37}},"12":{"start":{"line":22,"column":4},"end":{"line":22,"column":54}},"13":{"start":{"line":75,"column":9},"end":{"line":75,"column":18}},"14":{"start":{"line":26,"column":19},"end":{"line":43,"column":2}},"15":{"start":{"line":26,"column":57},"end":{"line":43,"column":2}},"16":{"start":{"line":27,"column":2},"end":{"line":42,"column":3}},"17":{"start":{"line":28,"column":19},"end":{"line":28,"column":32}},"18":{"start":{"line":33,"column":20},"end":{"line":33,"column":57}},"19":{"start":{"line":34,"column":4},"end":{"line":34,"column":34}},"20":{"start":{"line":35,"column":4},"end":{"line":39,"column":3}},"21":{"start":{"line":36,"column":6},"end":{"line":36,"column":43}},"22":{"start":{"line":38,"column":6},"end":{"line":38,"column":53}},"23":{"start":{"line":41,"column":4},"end":{"line":41,"column":52}},"24":{"start":{"line":75,"column":20},"end":{"line":75,"column":30}},"25":{"start":{"line":45,"column":24},"end":{"line":52,"column":null}},"26":{"start":{"line":45,"column":62},"end":{"line":52,"column":null}},"27":{"start":{"line":46,"column":2},"end":{"line":51,"column":1}},"28":{"start":{"line":47,"column":20},"end":{"line":47,"column":40}},"29":{"start":{"line":48,"column":4},"end":{"line":48,"column":34}},"30":{"start":{"line":50,"column":4},"end":{"line":50,"column":56}},"31":{"start":{"line":75,"column":62},"end":{"line":75,"column":77}},"32":{"start":{"line":55,"column":22},"end":{"line":64,"column":2}},"33":{"start":{"line":55,"column":60},"end":{"line":64,"column":2}},"34":{"start":{"line":56,"column":2},"end":{"line":63,"column":3}},"35":{"start":{"line":57,"column":17},"end":{"line":59,"column":6}},"36":{"start":{"line":60,"column":4},"end":{"line":60,"column":19}},"37":{"start":{"line":62,"column":4},"end":{"line":62,"column":51}},"38":{"start":{"line":75,"column":47},"end":{"line":75,"column":60}},"39":{"start":{"line":66,"column":22},"end":{"line":73,"column":2}},"40":{"start":{"line":66,"column":60},"end":{"line":73,"column":2}},"41":{"start":{"line":67,"column":2},"end":{"line":72,"column":3}},"42":{"start":{"line":68,"column":4},"end":{"line":68,"column":51}},"43":{"start":{"line":69,"column":4},"end":{"line":69,"column":44}},"44":{"start":{"line":71,"column":4},"end":{"line":71,"column":38}},"45":{"start":{"line":75,"column":32},"end":{"line":75,"column":45}}},"fnMap":{"0":{"name":"(anonymous_8)","decl":{"start":{"line":5,"column":18},"end":{"line":5,"column":25}},"loc":{"start":{"line":5,"column":56},"end":{"line":24,"column":2}}},"1":{"name":"(anonymous_9)","decl":{"start":{"line":5,"column":56},"end":{"line":5,"column":null}},"loc":{"start":{"line":5,"column":56},"end":{"line":24,"column":1}}},"2":{"name":"(anonymous_10)","decl":{"start":{"line":26,"column":19},"end":{"line":26,"column":26}},"loc":{"start":{"line":26,"column":57},"end":{"line":43,"column":2}}},"3":{"name":"(anonymous_11)","decl":{"start":{"line":26,"column":57},"end":{"line":26,"column":null}},"loc":{"start":{"line":26,"column":57},"end":{"line":43,"column":1}}},"4":{"name":"(anonymous_12)","decl":{"start":{"line":45,"column":24},"end":{"line":45,"column":31}},"loc":{"start":{"line":45,"column":62},"end":{"line":52,"column":null}}},"5":{"name":"(anonymous_13)","decl":{"start":{"line":45,"column":62},"end":{"line":45,"column":null}},"loc":{"start":{"line":45,"column":62},"end":{"line":52,"column":1}}},"6":{"name":"(anonymous_14)","decl":{"start":{"line":55,"column":22},"end":{"line":55,"column":29}},"loc":{"start":{"line":55,"column":60},"end":{"line":64,"column":2}}},"7":{"name":"(anonymous_15)","decl":{"start":{"line":55,"column":60},"end":{"line":55,"column":null}},"loc":{"start":{"line":55,"column":60},"end":{"line":64,"column":1}}},"8":{"name":"(anonymous_16)","decl":{"start":{"line":66,"column":22},"end":{"line":66,"column":29}},"loc":{"start":{"line":66,"column":60},"end":{"line":73,"column":2}}},"9":{"name":"(anonymous_17)","decl":{"start":{"line":66,"column":60},"end":{"line":66,"column":null}},"loc":{"start":{"line":66,"column":60},"end":{"line":73,"column":1}}}},"branchMap":{"0":{"loc":{"start":{"line":10,"column":4},"end":{"line":12,"column":5}},"type":"if","locations":[{"start":{"line":10,"column":4},"end":{"line":12,"column":5}}]},"1":{"loc":{"start":{"line":35,"column":4},"end":{"line":39,"column":3}},"type":"if","locations":[{"start":{"line":35,"column":4},"end":{"line":39,"column":3}},{"start":{"line":37,"column":9},"end":{"line":39,"column":3}}]}},"s":{"0":1,"1":1,"2":1,"3":0,"4":0,"5":0,"6":0,"7":0,"8":0,"9":0,"10":0,"11":0,"12":0,"13":1,"14":1,"15":1,"16":1,"17":1,"18":1,"19":1,"20":1,"21":1,"22":0,"23":1,"24":1,"25":1,"26":0,"27":0,"28":0,"29":0,"30":0,"31":1,"32":1,"33":0,"34":0,"35":0,"36":0,"37":0,"38":1,"39":1,"40":1,"41":1,"42":1,"43":0,"44":1,"45":1},"f":{"0":0,"1":0,"2":1,"3":1,"4":0,"5":0,"6":0,"7":0,"8":1,"9":1},"b":{"0":[0],"1":[1,0]}}
,"C:\\Users\\Michael-Dev\\Desktop\\Andela\\Backend\\MyBrand-BE\\Typescript-BE\\MyBrand-BE\\src\\controllers\\queriesController.ts": {"path":"C:\\Users\\Michael-Dev\\Desktop\\Andela\\Backend\\MyBrand-BE\\Typescript-BE\\MyBrand-BE\\src\\controllers\\queriesController.ts","statementMap":{"0":{"start":{"line":2,"column":0},"end":{"line":2,"column":43}},"1":{"start":{"line":4,"column":20},"end":{"line":26,"column":2}},"2":{"start":{"line":4,"column":58},"end":{"line":26,"column":2}},"3":{"start":{"line":5,"column":4},"end":{"line":25,"column":5}},"4":{"start":{"line":6,"column":39},"end":{"line":6,"column":47}},"5":{"start":{"line":14,"column":27},"end":{"line":18,"column":10}},"6":{"start":{"line":19,"column":8},"end":{"line":19,"column":32}},"7":{"start":{"line":20,"column":8},"end":{"line":20,"column":42}},"8":{"start":{"line":23,"column":8},"end":{"line":23,"column":27}},"9":{"start":{"line":24,"column":8},"end":{"line":24,"column":36}},"10":{"start":{"line":75,"column":9},"end":{"line":75,"column":20}},"11":{"start":{"line":28,"column":19},"end":{"line":35,"column":2}},"12":{"start":{"line":28,"column":56},"end":{"line":35,"column":2}},"13":{"start":{"line":29,"column":4},"end":{"line":34,"column":5}},"14":{"start":{"line":30,"column":23},"end":{"line":30,"column":41}},"15":{"start":{"line":31,"column":8},"end":{"line":31,"column":38}},"16":{"start":{"line":33,"column":8},"end":{"line":33,"column":59}},"17":{"start":{"line":75,"column":21},"end":{"line":75,"column":31}},"18":{"start":{"line":37,"column":17},"end":{"line":48,"column":2}},"19":{"start":{"line":37,"column":54},"end":{"line":48,"column":2}},"20":{"start":{"line":38,"column":4},"end":{"line":47,"column":5}},"21":{"start":{"line":39,"column":21},"end":{"line":39,"column":56}},"22":{"start":{"line":40,"column":8},"end":{"line":44,"column":9}},"23":{"start":{"line":41,"column":12},"end":{"line":41,"column":40}},"24":{"start":{"line":43,"column":12},"end":{"line":43,"column":57}},"25":{"start":{"line":46,"column":8},"end":{"line":46,"column":36}},"26":{"start":{"line":75,"column":32},"end":{"line":75,"column":40}},"27":{"start":{"line":50,"column":20},"end":{"line":64,"column":2}},"28":{"start":{"line":50,"column":57},"end":{"line":64,"column":2}},"29":{"start":{"line":51,"column":4},"end":{"line":63,"column":5}},"30":{"start":{"line":52,"column":21},"end":{"line":54,"column":25}},"31":{"start":{"line":55,"column":8},"end":{"line":60,"column":9}},"32":{"start":{"line":56,"column":12},"end":{"line":56,"column":31}},"33":{"start":{"line":57,"column":11},"end":{"line":57,"column":50}},"34":{"start":{"line":59,"column":12},"end":{"line":59,"column":48}},"35":{"start":{"line":62,"column":8},"end":{"line":62,"column":44}},"36":{"start":{"line":75,"column":41},"end":{"line":75,"column":52}},"37":{"start":{"line":66,"column":20},"end":{"line":73,"column":2}},"38":{"start":{"line":66,"column":57},"end":{"line":73,"column":2}},"39":{"start":{"line":67,"column":4},"end":{"line":72,"column":5}},"40":{"start":{"line":68,"column":8},"end":{"line":68,"column":53}},"41":{"start":{"line":69,"column":8},"end":{"line":69,"column":46}},"42":{"start":{"line":71,"column":8},"end":{"line":71,"column":48}},"43":{"start":{"line":75,"column":53},"end":{"line":75,"column":64}}},"fnMap":{"0":{"name":"(anonymous_8)","decl":{"start":{"line":4,"column":20},"end":{"line":4,"column":27}},"loc":{"start":{"line":4,"column":58},"end":{"line":26,"column":2}}},"1":{"name":"(anonymous_9)","decl":{"start":{"line":4,"column":58},"end":{"line":4,"column":null}},"loc":{"start":{"line":4,"column":58},"end":{"line":26,"column":1}}},"2":{"name":"(anonymous_10)","decl":{"start":{"line":28,"column":19},"end":{"line":28,"column":26}},"loc":{"start":{"line":28,"column":56},"end":{"line":35,"column":2}}},"3":{"name":"(anonymous_11)","decl":{"start":{"line":28,"column":56},"end":{"line":28,"column":null}},"loc":{"start":{"line":28,"column":56},"end":{"line":35,"column":1}}},"4":{"name":"(anonymous_12)","decl":{"start":{"line":37,"column":17},"end":{"line":37,"column":24}},"loc":{"start":{"line":37,"column":54},"end":{"line":48,"column":2}}},"5":{"name":"(anonymous_13)","decl":{"start":{"line":37,"column":54},"end":{"line":37,"column":null}},"loc":{"start":{"line":37,"column":54},"end":{"line":48,"column":1}}},"6":{"name":"(anonymous_14)","decl":{"start":{"line":50,"column":20},"end":{"line":50,"column":27}},"loc":{"start":{"line":50,"column":57},"end":{"line":64,"column":2}}},"7":{"name":"(anonymous_15)","decl":{"start":{"line":50,"column":57},"end":{"line":50,"column":null}},"loc":{"start":{"line":50,"column":57},"end":{"line":64,"column":1}}},"8":{"name":"(anonymous_16)","decl":{"start":{"line":66,"column":20},"end":{"line":66,"column":27}},"loc":{"start":{"line":66,"column":57},"end":{"line":73,"column":2}}},"9":{"name":"(anonymous_17)","decl":{"start":{"line":66,"column":57},"end":{"line":66,"column":null}},"loc":{"start":{"line":66,"column":57},"end":{"line":73,"column":1}}}},"branchMap":{"0":{"loc":{"start":{"line":40,"column":8},"end":{"line":44,"column":9}},"type":"if","locations":[{"start":{"line":40,"column":8},"end":{"line":44,"column":9}},{"start":{"line":42,"column":15},"end":{"line":44,"column":9}}]},"1":{"loc":{"start":{"line":55,"column":8},"end":{"line":60,"column":9}},"type":"if","locations":[{"start":{"line":55,"column":8},"end":{"line":60,"column":9}},{"start":{"line":58,"column":15},"end":{"line":60,"column":9}}]}},"s":{"0":1,"1":1,"2":1,"3":1,"4":1,"5":1,"6":1,"7":0,"8":1,"9":1,"10":1,"11":1,"12":1,"13":1,"14":1,"15":1,"16":0,"17":1,"18":1,"19":1,"20":1,"21":1,"22":0,"23":0,"24":0,"25":1,"26":1,"27":1,"28":1,"29":1,"30":1,"31":0,"32":0,"33":0,"34":0,"35":1,"36":1,"37":1,"38":1,"39":1,"40":1,"41":0,"42":1,"43":1},"f":{"0":1,"1":1,"2":1,"3":1,"4":1,"5":1,"6":1,"7":1,"8":1,"9":1},"b":{"0":[0,0],"1":[0,0]}}
,"C:\\Users\\Michael-Dev\\Desktop\\Andela\\Backend\\MyBrand-BE\\Typescript-BE\\MyBrand-BE\\src\\controllers\\user.controller.ts": {"path":"C:\\Users\\Michael-Dev\\Desktop\\Andela\\Backend\\MyBrand-BE\\Typescript-BE\\MyBrand-BE\\src\\controllers\\user.controller.ts","statementMap":{"0":{"start":{"line":3,"column":0},"end":{"line":3,"column":41}},"1":{"start":{"line":4,"column":0},"end":{"line":4,"column":31}},"2":{"start":{"line":7,"column":22},"end":{"line":12,"column":2}},"3":{"start":{"line":7,"column":80},"end":{"line":12,"column":2}},"4":{"start":{"line":8,"column":2},"end":{"line":11,"column":5}},"5":{"start":{"line":7,"column":13},"end":{"line":7,"column":22}},"6":{"start":{"line":14,"column":21},"end":{"line":42,"column":2}},"7":{"start":{"line":14,"column":79},"end":{"line":42,"column":2}},"8":{"start":{"line":15,"column":2},"end":{"line":41,"column":20}},"9":{"start":{"line":17,"column":70},"end":{"line":40,"column":null}},"10":{"start":{"line":18,"column":6},"end":{"line":39,"column":7}},"11":{"start":{"line":19,"column":8},"end":{"line":22,"column":9}},"12":{"start":{"line":20,"column":24},"end":{"line":20,"column":57}},"13":{"start":{"line":21,"column":10},"end":{"line":21,"column":29}},"14":{"start":{"line":24,"column":8},"end":{"line":36,"column":10}},"15":{"start":{"line":27,"column":31},"end":{"line":35,"column":null}},"16":{"start":{"line":28,"column":12},"end":{"line":28,"column":42}},"17":{"start":{"line":28,"column":23},"end":{"line":28,"column":42}},"18":{"start":{"line":30,"column":25},"end":{"line":30,"column":78}},"19":{"start":{"line":31,"column":26},"end":{"line":31,"column":83}},"20":{"start":{"line":32,"column":26},"end":{"line":32,"column":36}},"21":{"start":{"line":34,"column":12},"end":{"line":34,"column":58}},"22":{"start":{"line":38,"column":8},"end":{"line":38,"column":27}},"23":{"start":{"line":14,"column":13},"end":{"line":14,"column":21}},"24":{"start":{"line":44,"column":27},"end":{"line":50,"column":1}},"25":{"start":{"line":45,"column":2},"end":{"line":49,"column":5}},"26":{"start":{"line":44,"column":13},"end":{"line":44,"column":27}},"27":{"start":{"line":53,"column":4},"end":{"line":53,"column":37}},"28":{"start":{"line":52,"column":0},"end":{"line":52,"column":16}}},"fnMap":{"0":{"name":"(anonymous_8)","decl":{"start":{"line":7,"column":22},"end":{"line":7,"column":29}},"loc":{"start":{"line":7,"column":80},"end":{"line":12,"column":2}}},"1":{"name":"(anonymous_9)","decl":{"start":{"line":7,"column":80},"end":{"line":7,"column":null}},"loc":{"start":{"line":7,"column":80},"end":{"line":12,"column":1}}},"2":{"name":"(anonymous_10)","decl":{"start":{"line":14,"column":21},"end":{"line":14,"column":28}},"loc":{"start":{"line":14,"column":79},"end":{"line":42,"column":2}}},"3":{"name":"(anonymous_11)","decl":{"start":{"line":14,"column":79},"end":{"line":14,"column":null}},"loc":{"start":{"line":14,"column":79},"end":{"line":42,"column":1}}},"4":{"name":"(anonymous_12)","decl":{"start":{"line":17,"column":4},"end":{"line":17,"column":11}},"loc":{"start":{"line":17,"column":70},"end":{"line":40,"column":null}}},"5":{"name":"(anonymous_13)","decl":{"start":{"line":17,"column":70},"end":{"line":17,"column":null}},"loc":{"start":{"line":17,"column":70},"end":{"line":40,"column":5}}},"6":{"name":"(anonymous_14)","decl":{"start":{"line":27,"column":10},"end":{"line":27,"column":17}},"loc":{"start":{"line":27,"column":31},"end":{"line":35,"column":null}}},"7":{"name":"(anonymous_15)","decl":{"start":{"line":27,"column":31},"end":{"line":27,"column":null}},"loc":{"start":{"line":27,"column":31},"end":{"line":35,"column":11}}},"8":{"name":"(anonymous_16)","decl":{"start":{"line":44,"column":27},"end":{"line":44,"column":28}},"loc":{"start":{"line":44,"column":79},"end":{"line":50,"column":1}}},"9":{"name":"register","decl":{"start":{"line":52,"column":16},"end":{"line":52,"column":24}},"loc":{"start":{"line":52,"column":63},"end":{"line":54,"column":1}}}},"branchMap":{"0":{"loc":{"start":{"line":19,"column":8},"end":{"line":22,"column":9}},"type":"if","locations":[{"start":{"line":19,"column":8},"end":{"line":22,"column":9}}]},"1":{"loc":{"start":{"line":19,"column":12},"end":{"line":19,"column":24}},"type":"binary-expr","locations":[{"start":{"line":19,"column":12},"end":{"line":19,"column":15}},{"start":{"line":19,"column":19},"end":{"line":19,"column":24}}]},"2":{"loc":{"start":{"line":20,"column":34},"end":{"line":20,"column":56}},"type":"binary-expr","locations":[{"start":{"line":20,"column":34},"end":{"line":20,"column":45}},{"start":{"line":20,"column":49},"end":{"line":20,"column":56}}]},"3":{"loc":{"start":{"line":20,"column":34},"end":{"line":20,"column":45}},"type":"cond-expr","locations":[{"start":{"line":20,"column":38},"end":{"line":20,"column":40}},{"start":{"line":20,"column":34},"end":{"line":20,"column":45}}]},"4":{"loc":{"start":{"line":20,"column":34},"end":{"line":20,"column":40}},"type":"binary-expr","locations":[{"start":{"line":20,"column":34},"end":{"line":20,"column":40}},{"start":{"line":20,"column":34},"end":{"line":20,"column":40}}]},"5":{"loc":{"start":{"line":28,"column":12},"end":{"line":28,"column":42}},"type":"if","locations":[{"start":{"line":28,"column":12},"end":{"line":28,"column":42}}]}},"s":{"0":1,"1":1,"2":1,"3":0,"4":0,"5":1,"6":1,"7":2,"8":2,"9":2,"10":2,"11":2,"12":1,"13":1,"14":1,"15":1,"16":1,"17":0,"18":1,"19":1,"20":1,"21":1,"22":0,"23":1,"24":1,"25":0,"26":1,"27":0,"28":1},"f":{"0":0,"1":0,"2":2,"3":2,"4":2,"5":2,"6":1,"7":1,"8":0,"9":0},"b":{"0":[1],"1":[2,2],"2":[1,1],"3":[0,1],"4":[1,1],"5":[0]}}
,"C:\\Users\\Michael-Dev\\Desktop\\Andela\\Backend\\MyBrand-BE\\Typescript-BE\\MyBrand-BE\\src\\helper\\cloudinary.ts": {"path":"C:\\Users\\Michael-Dev\\Desktop\\Andela\\Backend\\MyBrand-BE\\Typescript-BE\\MyBrand-BE\\src\\helper\\cloudinary.ts","statementMap":{"0":{"start":{"line":1,"column":0},"end":{"line":1,"column":46}},"1":{"start":{"line":2,"column":0},"end":{"line":2,"column":28}},"2":{"start":{"line":4,"column":0},"end":{"line":4,"column":16}},"3":{"start":{"line":6,"column":0},"end":{"line":10,"column":3}},"4":{"start":{"line":12,"column":0},"end":{"line":12,"column":26}}},"fnMap":{},"branchMap":{},"s":{"0":1,"1":1,"2":1,"3":1,"4":1},"f":{},"b":{}}
,"C:\\Users\\Michael-Dev\\Desktop\\Andela\\Backend\\MyBrand-BE\\Typescript-BE\\MyBrand-BE\\src\\helper\\delay.ts": {"path":"C:\\Users\\Michael-Dev\\Desktop\\Andela\\Backend\\MyBrand-BE\\Typescript-BE\\MyBrand-BE\\src\\helper\\delay.ts","statementMap":{"0":{"start":{"line":1,"column":0},"end":{"line":1,"column":32}},"1":{"start":{"line":3,"column":0},"end":{"line":3,"column":70}},"2":{"start":{"line":5,"column":0},"end":{"line":19,"column":2}},"3":{"start":{"line":11,"column":63},"end":{"line":17,"column":null}},"4":{"start":{"line":12,"column":6},"end":{"line":16,"column":7}},"5":{"start":{"line":13,"column":8},"end":{"line":13,"column":40}},"6":{"start":{"line":15,"column":8},"end":{"line":15,"column":20}},"7":{"start":{"line":21,"column":0},"end":{"line":21,"column":null}}},"fnMap":{"0":{"name":"(anonymous_8)","decl":{"start":{"line":11,"column":4},"end":{"line":11,"column":11}},"loc":{"start":{"line":11,"column":63},"end":{"line":17,"column":null}}},"1":{"name":"(anonymous_9)","decl":{"start":{"line":11,"column":63},"end":{"line":11,"column":null}},"loc":{"start":{"line":11,"column":63},"end":{"line":17,"column":5}}}},"branchMap":{},"s":{"0":1,"1":1,"2":1,"3":10,"4":10,"5":10,"6":0,"7":1},"f":{"0":10,"1":10},"b":{}}
,"C:\\Users\\Michael-Dev\\Desktop\\Andela\\Backend\\MyBrand-BE\\Typescript-BE\\MyBrand-BE\\src\\helper\\multer.ts": {"path":"C:\\Users\\Michael-Dev\\Desktop\\Andela\\Backend\\MyBrand-BE\\Typescript-BE\\MyBrand-BE\\src\\helper\\multer.ts","statementMap":{"0":{"start":{"line":1,"column":0},"end":{"line":1,"column":28}},"1":{"start":{"line":2,"column":0},"end":{"line":2,"column":24}},"2":{"start":{"line":4,"column":16},"end":{"line":4,"column":38}},"3":{"start":{"line":6,"column":19},"end":{"line":15,"column":1}},"4":{"start":{"line":7,"column":20},"end":{"line":7,"column":65}},"5":{"start":{"line":9,"column":2},"end":{"line":12,"column":3}},"6":{"start":{"line":10,"column":4},"end":{"line":10,"column":43}},"7":{"start":{"line":11,"column":4},"end":{"line":11,"column":11}},"8":{"start":{"line":14,"column":2},"end":{"line":14,"column":17}},"9":{"start":{"line":17,"column":15},"end":{"line":20,"column":2}},"10":{"start":{"line":22,"column":0},"end":{"line":22,"column":22}}},"fnMap":{"0":{"name":"(anonymous_1)","decl":{"start":{"line":6,"column":19},"end":{"line":6,"column":20}},"loc":{"start":{"line":6,"column":108},"end":{"line":15,"column":1}}}},"branchMap":{"0":{"loc":{"start":{"line":9,"column":2},"end":{"line":12,"column":3}},"type":"if","locations":[{"start":{"line":9,"column":2},"end":{"line":12,"column":3}}]},"1":{"loc":{"start":{"line":9,"column":8},"end":{"line":9,"column":77}},"type":"binary-expr","locations":[{"start":{"line":9,"column":8},"end":{"line":9,"column":28}},{"start":{"line":9,"column":32},"end":{"line":9,"column":53}},{"start":{"line":9,"column":57},"end":{"line":9,"column":77}}]}},"s":{"0":1,"1":1,"2":1,"3":1,"4":0,"5":0,"6":0,"7":0,"8":0,"9":1,"10":1},"f":{"0":0},"b":{"0":[0],"1":[0,0,0]}}
,"C:\\Users\\Michael-Dev\\Desktop\\Andela\\Backend\\MyBrand-BE\\Typescript-BE\\MyBrand-BE\\src\\helper\\passport.ts": {"path":"C:\\Users\\Michael-Dev\\Desktop\\Andela\\Backend\\MyBrand-BE\\Typescript-BE\\MyBrand-BE\\src\\helper\\passport.ts","statementMap":{"0":{"start":{"line":2,"column":0},"end":{"line":2,"column":32}},"1":{"start":{"line":4,"column":0},"end":{"line":4,"column":28}},"2":{"start":{"line":5,"column":0},"end":{"line":5,"column":50}},"3":{"start":{"line":6,"column":22},"end":{"line":6,"column":56}},"4":{"start":{"line":8,"column":0},"end":{"line":31,"column":2}},"5":{"start":{"line":21,"column":8},"end":{"line":29,"column":null}},"6":{"start":{"line":22,"column":6},"end":{"line":28,"column":7}},"7":{"start":{"line":23,"column":25},"end":{"line":23,"column":43}},"8":{"start":{"line":24,"column":21},"end":{"line":24,"column":74}},"9":{"start":{"line":25,"column":8},"end":{"line":25,"column":32}},"10":{"start":{"line":27,"column":8},"end":{"line":27,"column":20}},"11":{"start":{"line":33,"column":0},"end":{"line":64,"column":2}},"12":{"start":{"line":48,"column":8},"end":{"line":62,"column":null}},"13":{"start":{"line":49,"column":6},"end":{"line":61,"column":7}},"14":{"start":{"line":50,"column":21},"end":{"line":50,"column":55}},"15":{"start":{"line":51,"column":8},"end":{"line":53,"column":9}},"16":{"start":{"line":52,"column":10},"end":{"line":52,"column":71}},"17":{"start":{"line":54,"column":24},"end":{"line":54,"column":69}},"18":{"start":{"line":55,"column":8},"end":{"line":57,"column":9}},"19":{"start":{"line":56,"column":10},"end":{"line":56,"column":68}},"20":{"start":{"line":58,"column":8},"end":{"line":58,"column":71}},"21":{"start":{"line":60,"column":8},"end":{"line":60,"column":27}},"22":{"start":{"line":65,"column":0},"end":{"line":65,"column":24}}},"fnMap":{"0":{"name":"(anonymous_8)","decl":{"start":{"line":16,"column":4},"end":{"line":16,"column":null}},"loc":{"start":{"line":21,"column":8},"end":{"line":29,"column":null}}},"1":{"name":"(anonymous_9)","decl":{"start":{"line":21,"column":8},"end":{"line":21,"column":null}},"loc":{"start":{"line":21,"column":8},"end":{"line":29,"column":5}}},"2":{"name":"(anonymous_10)","decl":{"start":{"line":40,"column":4},"end":{"line":40,"column":null}},"loc":{"start":{"line":48,"column":8},"end":{"line":62,"column":null}}},"3":{"name":"(anonymous_11)","decl":{"start":{"line":48,"column":8},"end":{"line":48,"column":null}},"loc":{"start":{"line":48,"column":8},"end":{"line":62,"column":5}}}},"branchMap":{"0":{"loc":{"start":{"line":23,"column":25},"end":{"line":23,"column":43}},"type":"cond-expr","locations":[{"start":{"line":23,"column":33},"end":{"line":23,"column":35}},{"start":{"line":23,"column":33},"end":{"line":23,"column":43}}]},"1":{"loc":{"start":{"line":23,"column":25},"end":{"line":23,"column":35}},"type":"binary-expr","locations":[{"start":{"line":23,"column":25},"end":{"line":23,"column":35}},{"start":{"line":23,"column":33},"end":{"line":23,"column":35}}]},"2":{"loc":{"start":{"line":51,"column":8},"end":{"line":53,"column":9}},"type":"if","locations":[{"start":{"line":51,"column":8},"end":{"line":53,"column":9}}]},"3":{"loc":{"start":{"line":55,"column":8},"end":{"line":57,"column":9}},"type":"if","locations":[{"start":{"line":55,"column":8},"end":{"line":57,"column":9}}]}},"s":{"0":1,"1":1,"2":1,"3":1,"4":1,"5":0,"6":0,"7":0,"8":0,"9":0,"10":0,"11":1,"12":1,"13":1,"14":1,"15":1,"16":0,"17":1,"18":1,"19":0,"20":1,"21":0,"22":1},"f":{"0":0,"1":0,"2":1,"3":1},"b":{"0":[0,0],"1":[0,0],"2":[0],"3":[0]}}
,"C:\\Users\\Michael-Dev\\Desktop\\Andela\\Backend\\MyBrand-BE\\Typescript-BE\\MyBrand-BE\\src\\middleware\\adminAuthorize.ts": {"path":"C:\\Users\\Michael-Dev\\Desktop\\Andela\\Backend\\MyBrand-BE\\Typescript-BE\\MyBrand-BE\\src\\middleware\\adminAuthorize.ts","statementMap":{"0":{"start":{"line":2,"column":0},"end":{"line":2,"column":28}},"1":{"start":{"line":5,"column":0},"end":{"line":5,"column":32}},"2":{"start":{"line":7,"column":0},"end":{"line":7,"column":16}},"3":{"start":{"line":9,"column":34},"end":{"line":20,"column":1}},"4":{"start":{"line":10,"column":2},"end":{"line":19,"column":21}},"5":{"start":{"line":11,"column":4},"end":{"line":13,"column":5}},"6":{"start":{"line":12,"column":6},"end":{"line":12,"column":86}},"7":{"start":{"line":14,"column":4},"end":{"line":16,"column":5}},"8":{"start":{"line":15,"column":6},"end":{"line":15,"column":92}},"9":{"start":{"line":17,"column":4},"end":{"line":17,"column":20}},"10":{"start":{"line":18,"column":4},"end":{"line":18,"column":11}},"11":{"start":{"line":9,"column":13},"end":{"line":9,"column":34}},"12":{"start":{"line":22,"column":26},"end":{"line":40,"column":2}},"13":{"start":{"line":26,"column":4},"end":{"line":40,"column":2}},"14":{"start":{"line":27,"column":2},"end":{"line":29,"column":3}},"15":{"start":{"line":28,"column":4},"end":{"line":28,"column":42}},"16":{"start":{"line":31,"column":2},"end":{"line":33,"column":3}},"17":{"start":{"line":32,"column":4},"end":{"line":32,"column":42}},"18":{"start":{"line":35,"column":2},"end":{"line":39,"column":3}},"19":{"start":{"line":36,"column":4},"end":{"line":36,"column":11}},"20":{"start":{"line":38,"column":4},"end":{"line":38,"column":54}},"21":{"start":{"line":22,"column":13},"end":{"line":22,"column":26}}},"fnMap":{"0":{"name":"(anonymous_8)","decl":{"start":{"line":9,"column":34},"end":{"line":9,"column":35}},"loc":{"start":{"line":9,"column":86},"end":{"line":20,"column":1}}},"1":{"name":"(anonymous_9)","decl":{"start":{"line":10,"column":51},"end":{"line":10,"column":52}},"loc":{"start":{"line":10,"column":88},"end":{"line":19,"column":3}}},"2":{"name":"(anonymous_10)","decl":{"start":{"line":22,"column":26},"end":{"line":22,"column":null}},"loc":{"start":{"line":26,"column":4},"end":{"line":40,"column":2}}},"3":{"name":"(anonymous_11)","decl":{"start":{"line":26,"column":4},"end":{"line":26,"column":null}},"loc":{"start":{"line":26,"column":4},"end":{"line":40,"column":1}}}},"branchMap":{"0":{"loc":{"start":{"line":11,"column":4},"end":{"line":13,"column":5}},"type":"if","locations":[{"start":{"line":11,"column":4},"end":{"line":13,"column":5}}]},"1":{"loc":{"start":{"line":14,"column":4},"end":{"line":16,"column":5}},"type":"if","locations":[{"start":{"line":14,"column":4},"end":{"line":16,"column":5}}]},"2":{"loc":{"start":{"line":27,"column":2},"end":{"line":29,"column":3}},"type":"if","locations":[{"start":{"line":27,"column":2},"end":{"line":29,"column":3}}]},"3":{"loc":{"start":{"line":31,"column":2},"end":{"line":33,"column":3}},"type":"if","locations":[{"start":{"line":31,"column":2},"end":{"line":33,"column":3}}]},"4":{"loc":{"start":{"line":35,"column":2},"end":{"line":39,"column":3}},"type":"if","locations":[{"start":{"line":35,"column":2},"end":{"line":39,"column":3}},{"start":{"line":37,"column":9},"end":{"line":39,"column":3}}]}},"s":{"0":1,"1":1,"2":1,"3":1,"4":18,"5":18,"6":0,"7":18,"8":8,"9":10,"10":10,"11":1,"12":1,"13":11,"14":11,"15":1,"16":10,"17":0,"18":10,"19":10,"20":0,"21":1},"f":{"0":18,"1":18,"2":11,"3":11},"b":{"0":[0],"1":[8],"2":[1],"3":[0],"4":[10,0]}}
,"C:\\Users\\Michael-Dev\\Desktop\\Andela\\Backend\\MyBrand-BE\\Typescript-BE\\MyBrand-BE\\src\\models\\blog.ts": {"path":"C:\\Users\\Michael-Dev\\Desktop\\Andela\\Backend\\MyBrand-BE\\Typescript-BE\\MyBrand-BE\\src\\models\\blog.ts","statementMap":{"0":{"start":{"line":1,"column":0},"end":{"line":1,"column":32}},"1":{"start":{"line":9,"column":19},"end":{"line":28,"column":null}},"2":{"start":{"line":30,"column":0},"end":{"line":30,"column":57}}},"fnMap":{},"branchMap":{},"s":{"0":1,"1":1,"2":1},"f":{},"b":{}}
,"C:\\Users\\Michael-Dev\\Desktop\\Andela\\Backend\\MyBrand-BE\\Typescript-BE\\MyBrand-BE\\src\\models\\modelComments.ts": {"path":"C:\\Users\\Michael-Dev\\Desktop\\Andela\\Backend\\MyBrand-BE\\Typescript-BE\\MyBrand-BE\\src\\models\\modelComments.ts","statementMap":{"0":{"start":{"line":1,"column":0},"end":{"line":1,"column":46}},"1":{"start":{"line":10,"column":22},"end":{"line":28,"column":2}},"2":{"start":{"line":29,"column":13},"end":{"line":29,"column":64}}},"fnMap":{},"branchMap":{},"s":{"0":1,"1":1,"2":1},"f":{},"b":{}}
,"C:\\Users\\Michael-Dev\\Desktop\\Andela\\Backend\\MyBrand-BE\\Typescript-BE\\MyBrand-BE\\src\\models\\queriesModel.ts": {"path":"C:\\Users\\Michael-Dev\\Desktop\\Andela\\Backend\\MyBrand-BE\\Typescript-BE\\MyBrand-BE\\src\\models\\queriesModel.ts","statementMap":{"0":{"start":{"line":1,"column":0},"end":{"line":1,"column":32}},"1":{"start":{"line":10,"column":18},"end":{"line":25,"column":null}},"2":{"start":{"line":27,"column":2},"end":{"line":27,"column":null}}},"fnMap":{},"branchMap":{},"s":{"0":1,"1":1,"2":1},"f":{},"b":{}}
,"C:\\Users\\Michael-Dev\\Desktop\\Andela\\Backend\\MyBrand-BE\\Typescript-BE\\MyBrand-BE\\src\\models\\user.ts": {"path":"C:\\Users\\Michael-Dev\\Desktop\\Andela\\Backend\\MyBrand-BE\\Typescript-BE\\MyBrand-BE\\src\\models\\user.ts","statementMap":{"0":{"start":{"line":2,"column":0},"end":{"line":2,"column":54}},"1":{"start":{"line":3,"column":0},"end":{"line":3,"column":28}},"2":{"start":{"line":12,"column":19},"end":{"line":22,"column":2}},"3":{"start":{"line":24,"column":0},"end":{"line":32,"column":3}},"4":{"start":{"line":25,"column":15},"end":{"line":25,"column":28}},"5":{"start":{"line":26,"column":2},"end":{"line":26,"column":50}},"6":{"start":{"line":26,"column":36},"end":{"line":26,"column":50}},"7":{"start":{"line":28,"column":15},"end":{"line":28,"column":39}},"8":{"start":{"line":29,"column":25},"end":{"line":29,"column":63}},"9":{"start":{"line":30,"column":2},"end":{"line":30,"column":33}},"10":{"start":{"line":31,"column":2},"end":{"line":31,"column":9}},"11":{"start":{"line":34,"column":0},"end":{"line":34,"column":57}}},"fnMap":{"0":{"name":"(anonymous_14)","decl":{"start":{"line":24,"column":23},"end":{"line":24,"column":39}},"loc":{"start":{"line":24,"column":43},"end":{"line":32,"column":2}}}},"branchMap":{"0":{"loc":{"start":{"line":26,"column":2},"end":{"line":26,"column":50}},"type":"if","locations":[{"start":{"line":26,"column":2},"end":{"line":26,"column":50}}]}},"s":{"0":1,"1":1,"2":1,"3":1,"4":0,"5":0,"6":0,"7":0,"8":0,"9":0,"10":0,"11":1},"f":{"0":0},"b":{"0":[0]}}
,"C:\\Users\\Michael-Dev\\Desktop\\Andela\\Backend\\MyBrand-BE\\Typescript-BE\\MyBrand-BE\\src\\routes\\blogRoutes.ts": {"path":"C:\\Users\\Michael-Dev\\Desktop\\Andela\\Backend\\MyBrand-BE\\Typescript-BE\\MyBrand-BE\\src\\routes\\blogRoutes.ts","statementMap":{"0":{"start":{"line":1,"column":0},"end":{"line":1,"column":32}},"1":{"start":{"line":2,"column":0},"end":{"line":2,"column":109}},"2":{"start":{"line":3,"column":0},"end":{"line":3,"column":37}},"3":{"start":{"line":4,"column":0},"end":{"line":4,"column":78}},"4":{"start":{"line":7,"column":15},"end":{"line":7,"column":23}},"5":{"start":{"line":8,"column":0},"end":{"line":8,"column":null}},"6":{"start":{"line":9,"column":0},"end":{"line":9,"column":null}},"7":{"start":{"line":10,"column":0},"end":{"line":10,"column":null}},"8":{"start":{"line":11,"column":0},"end":{"line":11,"column":null}},"9":{"start":{"line":12,"column":0},"end":{"line":12,"column":null}},"10":{"start":{"line":13,"column":0},"end":{"line":13,"column":null}},"11":{"start":{"line":17,"column":0},"end":{"line":17,"column":null}}},"fnMap":{},"branchMap":{},"s":{"0":1,"1":1,"2":1,"3":1,"4":1,"5":1,"6":1,"7":1,"8":1,"9":1,"10":1,"11":1},"f":{},"b":{}}
,"C:\\Users\\Michael-Dev\\Desktop\\Andela\\Backend\\MyBrand-BE\\Typescript-BE\\MyBrand-BE\\src\\routes\\commentRoutes.ts": {"path":"C:\\Users\\Michael-Dev\\Desktop\\Andela\\Backend\\MyBrand-BE\\Typescript-BE\\MyBrand-BE\\src\\routes\\commentRoutes.ts","statementMap":{"0":{"start":{"line":1,"column":0},"end":{"line":1,"column":33}},"1":{"start":{"line":2,"column":0},"end":{"line":2,"column":78}},"2":{"start":{"line":3,"column":0},"end":{"line":3,"column":115}},"3":{"start":{"line":6,"column":15},"end":{"line":6,"column":23}},"4":{"start":{"line":8,"column":0},"end":{"line":8,"column":null}},"5":{"start":{"line":9,"column":0},"end":{"line":9,"column":null}},"6":{"start":{"line":10,"column":0},"end":{"line":10,"column":null}},"7":{"start":{"line":11,"column":0},"end":{"line":11,"column":null}},"8":{"start":{"line":12,"column":0},"end":{"line":12,"column":null}},"9":{"start":{"line":14,"column":0},"end":{"line":14,"column":null}}},"fnMap":{},"branchMap":{},"s":{"0":1,"1":1,"2":1,"3":1,"4":1,"5":1,"6":1,"7":1,"8":1,"9":1},"f":{},"b":{}}
,"C:\\Users\\Michael-Dev\\Desktop\\Andela\\Backend\\MyBrand-BE\\Typescript-BE\\MyBrand-BE\\src\\routes\\queriesRouter.ts": {"path":"C:\\Users\\Michael-Dev\\Desktop\\Andela\\Backend\\MyBrand-BE\\Typescript-BE\\MyBrand-BE\\src\\routes\\queriesRouter.ts","statementMap":{"0":{"start":{"line":1,"column":0},"end":{"line":1,"column":33}},"1":{"start":{"line":2,"column":0},"end":{"line":2,"column":78}},"2":{"start":{"line":3,"column":0},"end":{"line":3,"column":110}},"3":{"start":{"line":5,"column":15},"end":{"line":5,"column":23}},"4":{"start":{"line":7,"column":0},"end":{"line":7,"column":null}},"5":{"start":{"line":8,"column":0},"end":{"line":8,"column":null}},"6":{"start":{"line":9,"column":0},"end":{"line":9,"column":null}},"7":{"start":{"line":10,"column":0},"end":{"line":10,"column":null}},"8":{"start":{"line":11,"column":0},"end":{"line":11,"column":null}},"9":{"start":{"line":13,"column":0},"end":{"line":13,"column":22}}},"fnMap":{},"branchMap":{},"s":{"0":1,"1":1,"2":1,"3":1,"4":1,"5":1,"6":1,"7":1,"8":1,"9":1},"f":{},"b":{}}
,"C:\\Users\\Michael-Dev\\Desktop\\Andela\\Backend\\MyBrand-BE\\Typescript-BE\\MyBrand-BE\\src\\routes\\user.ts": {"path":"C:\\Users\\Michael-Dev\\Desktop\\Andela\\Backend\\MyBrand-BE\\Typescript-BE\\MyBrand-BE\\src\\routes\\user.ts","statementMap":{"0":{"start":{"line":1,"column":0},"end":{"line":1,"column":33}},"1":{"start":{"line":2,"column":0},"end":{"line":2,"column":39}},"2":{"start":{"line":3,"column":0},"end":{"line":3,"column":57}},"3":{"start":{"line":4,"column":0},"end":{"line":4,"column":42}},"4":{"start":{"line":7,"column":15},"end":{"line":7,"column":23}},"5":{"start":{"line":9,"column":0},"end":{"line":13,"column":2}},"6":{"start":{"line":14,"column":0},"end":{"line":14,"column":36}},"7":{"start":{"line":15,"column":0},"end":{"line":19,"column":2}},"8":{"start":{"line":21,"column":0},"end":{"line":21,"column":22}}},"fnMap":{},"branchMap":{},"s":{"0":1,"1":1,"2":1,"3":1,"4":1,"5":1,"6":1,"7":1,"8":1},"f":{},"b":{}}
,"C:\\Users\\Michael-Dev\\Desktop\\Andela\\Backend\\MyBrand-BE\\Typescript-BE\\MyBrand-BE\\src\\utils\\validate.ts": {"path":"C:\\Users\\Michael-Dev\\Desktop\\Andela\\Backend\\MyBrand-BE\\Typescript-BE\\MyBrand-BE\\src\\utils\\validate.ts","statementMap":{"0":{"start":{"line":1,"column":0},"end":{"line":1,"column":22}},"1":{"start":{"line":3,"column":13},"end":{"line":7,"column":3}},"2":{"start":{"line":10,"column":13},"end":{"line":13,"column":3}}},"fnMap":{},"branchMap":{},"s":{"0":1,"1":1,"2":1},"f":{},"b":{}}
}
