TN:
SF:src\app.ts
FN:19,(anonymous_1)
FNF:1
FNH:0
FNDA:0,(anonymous_1)
DA:1,1
DA:2,1
DA:3,1
DA:4,1
DA:5,1
DA:6,1
DA:7,1
DA:8,1
DA:10,1
DA:11,1
DA:13,1
DA:15,1
DA:17,1
DA:19,1
DA:20,0
DA:23,1
LF:16
LH:15
BRF:0
BRH:0
end_of_record
TN:
SF:src\config\configure.ts
FN:7,(anonymous_8)
FN:7,(anonymous_9)
FNF:2
FNH:2
FNDA:1,(anonymous_8)
FNDA:1,(anonymous_9)
DA:1,1
DA:2,1
DA:3,1
DA:6,1
DA:7,1
DA:8,1
DA:9,1
DA:10,1
DA:12,0
DA:16,1
LF:10
LH:9
BRF:0
BRH:0
end_of_record
TN:
SF:src\controllers\blogController.ts
FN:8,(anonymous_8)
FN:8,(anonymous_9)
FN:34,(anonymous_10)
FN:34,(anonymous_11)
FN:43,(anonymous_12)
FN:43,(anonymous_13)
FN:63,(anonymous_14)
FN:63,(anonymous_15)
FN:79,(anonymous_16)
FN:79,(anonymous_17)
FN:89,(anonymous_18)
FN:89,(anonymous_19)
FNF:12
FNH:6
FNDA:0,(anonymous_8)
FNDA:0,(anonymous_9)
FNDA:2,(anonymous_10)
FNDA:2,(anonymous_11)
FNDA:0,(anonymous_12)
FNDA:0,(anonymous_13)
FNDA:0,(anonymous_14)
FNDA:0,(anonymous_15)
FNDA:1,(anonymous_16)
FNDA:1,(anonymous_17)
FNDA:1,(anonymous_18)
FNDA:1,(anonymous_19)
DA:2,1
DA:4,1
DA:5,1
DA:8,1
DA:9,0
DA:10,0
DA:11,0
DA:12,0
DA:14,0
DA:15,0
DA:16,0
DA:18,0
DA:19,0
DA:20,0
DA:22,0
DA:23,0
DA:28,0
DA:30,0
DA:34,2
DA:35,2
DA:36,2
DA:37,0
DA:39,2
DA:43,1
DA:44,0
DA:45,0
DA:46,0
DA:57,0
DA:59,0
DA:63,1
DA:64,0
DA:65,0
DA:66,0
DA:67,0
DA:68,0
DA:70,0
DA:72,0
DA:75,0
DA:79,1
DA:80,1
DA:81,1
DA:83,1
DA:84,1
DA:86,0
DA:89,1
DA:90,1
DA:91,1
DA:92,1
DA:94,0
DA:95,0
DA:98,0
DA:100,0
DA:102,1
DA:133,1
LF:54
LH:21
BRDA:11,0,0,0
BRDA:15,1,0,0
BRDA:19,2,0,0
BRDA:67,3,0,0
BRDA:94,4,0,0
BRF:5
BRH:0
end_of_record
TN:
SF:src\controllers\commentController.ts
FN:5,(anonymous_8)
FN:5,(anonymous_9)
FN:26,(anonymous_10)
FN:26,(anonymous_11)
FN:45,(anonymous_12)
FN:45,(anonymous_13)
FN:55,(anonymous_14)
FN:55,(anonymous_15)
FN:66,(anonymous_16)
FN:66,(anonymous_17)
FNF:10
FNH:8
FNDA:1,(anonymous_8)
FNDA:1,(anonymous_9)
FNDA:1,(anonymous_10)
FNDA:1,(anonymous_11)
FNDA:0,(anonymous_12)
FNDA:0,(anonymous_13)
FNDA:1,(anonymous_14)
FNDA:1,(anonymous_15)
FNDA:1,(anonymous_16)
FNDA:1,(anonymous_17)
DA:1,1
DA:2,1
DA:5,1
DA:6,1
DA:8,1
DA:9,1
DA:10,0
DA:11,0
DA:13,0
DA:19,0
DA:20,0
DA:22,1
DA:26,1
DA:27,1
DA:28,1
DA:33,1
DA:34,0
DA:35,0
DA:36,0
DA:38,0
DA:41,1
DA:45,1
DA:46,0
DA:47,0
DA:48,0
DA:50,0
DA:55,1
DA:56,1
DA:57,1
DA:60,0
DA:62,1
DA:66,1
DA:67,1
DA:68,1
DA:69,0
DA:71,1
DA:75,1
LF:37
LH:22
BRDA:10,0,0,0
BRDA:35,1,0,0
BRDA:35,1,1,0
BRF:3
BRH:0
end_of_record
TN:
SF:src\controllers\queriesController.ts
FN:4,(anonymous_8)
FN:4,(anonymous_9)
FN:28,(anonymous_10)
FN:28,(anonymous_11)
FN:37,(anonymous_12)
FN:37,(anonymous_13)
FN:50,(anonymous_14)
FN:50,(anonymous_15)
FN:66,(anonymous_16)
FN:66,(anonymous_17)
FNF:10
FNH:10
FNDA:1,(anonymous_8)
FNDA:1,(anonymous_9)
FNDA:1,(anonymous_10)
FNDA:1,(anonymous_11)
FNDA:1,(anonymous_12)
FNDA:1,(anonymous_13)
FNDA:1,(anonymous_14)
FNDA:1,(anonymous_15)
FNDA:1,(anonymous_16)
FNDA:1,(anonymous_17)
DA:2,1
DA:4,1
DA:5,1
DA:6,1
DA:14,1
DA:19,1
DA:20,0
DA:23,1
DA:24,1
DA:28,1
DA:29,1
DA:30,1
DA:31,1
DA:33,0
DA:37,1
DA:38,1
DA:39,1
DA:40,0
DA:41,0
DA:43,0
DA:46,1
DA:50,1
DA:51,1
DA:52,1
DA:55,0
DA:56,0
DA:57,0
DA:59,0
DA:62,1
DA:66,1
DA:67,1
DA:68,1
DA:69,0
DA:71,1
DA:75,1
LF:35
LH:25
BRDA:40,0,0,0
BRDA:40,0,1,0
BRDA:55,1,0,0
BRDA:55,1,1,0
BRF:4
BRH:0
end_of_record
TN:
SF:src\controllers\user.controller.ts
FN:7,(anonymous_8)
FN:7,(anonymous_9)
FN:14,(anonymous_10)
FN:14,(anonymous_11)
FN:17,(anonymous_12)
FN:17,(anonymous_13)
FN:27,(anonymous_14)
FN:27,(anonymous_15)
FN:44,(anonymous_16)
FN:52,register
FNF:10
FNH:4
FNDA:0,(anonymous_8)
FNDA:0,(anonymous_9)
FNDA:1,(anonymous_10)
FNDA:1,(anonymous_11)
FNDA:1,(anonymous_12)
FNDA:1,(anonymous_13)
FNDA:0,(anonymous_14)
FNDA:0,(anonymous_15)
FNDA:0,(anonymous_16)
FNDA:0,register
DA:3,1
DA:4,1
DA:7,1
DA:8,0
DA:14,1
DA:15,1
DA:17,1
DA:18,1
DA:19,1
DA:20,1
DA:21,1
DA:24,0
DA:27,0
DA:28,0
DA:30,0
DA:31,0
DA:32,0
DA:34,0
DA:38,0
DA:44,1
DA:45,0
DA:52,1
DA:53,0
LF:23
LH:12
BRDA:19,0,0,1
BRDA:19,1,0,1
BRDA:19,1,1,1
BRDA:20,2,0,1
BRDA:20,2,1,1
BRDA:20,3,0,0
BRDA:20,3,1,1
BRDA:20,4,0,1
BRDA:20,4,1,1
BRDA:28,5,0,0
BRF:10
BRH:8
end_of_record
TN:
SF:src\helper\cloudinary.ts
FNF:0
FNH:0
DA:1,1
DA:2,1
DA:4,1
DA:6,1
DA:12,1
LF:5
LH:5
BRF:0
BRH:0
end_of_record
TN:
SF:src\helper\delay.ts
FN:11,(anonymous_8)
FN:11,(anonymous_9)
FNF:2
FNH:0
FNDA:0,(anonymous_8)
FNDA:0,(anonymous_9)
DA:1,1
DA:3,1
DA:5,1
DA:11,0
DA:12,0
DA:13,0
DA:15,0
DA:21,1
LF:8
LH:4
BRF:0
BRH:0
end_of_record
TN:
SF:src\helper\multer.ts
FN:6,(anonymous_1)
FNF:1
FNH:0
FNDA:0,(anonymous_1)
DA:1,1
DA:2,1
DA:4,1
DA:6,1
DA:7,0
DA:9,0
DA:10,0
DA:11,0
DA:14,0
DA:17,1
DA:22,1
LF:11
LH:6
BRDA:9,0,0,0
BRDA:9,1,0,0
BRDA:9,1,1,0
BRDA:9,1,2,0
BRF:4
BRH:0
end_of_record
TN:
SF:src\helper\passport.ts
FN:16,(anonymous_8)
FN:21,(anonymous_9)
FN:40,(anonymous_10)
FN:48,(anonymous_11)
FNF:4
FNH:0
FNDA:0,(anonymous_8)
FNDA:0,(anonymous_9)
FNDA:0,(anonymous_10)
FNDA:0,(anonymous_11)
DA:2,1
DA:4,1
DA:5,1
DA:6,1
DA:8,1
DA:21,0
DA:22,0
DA:23,0
DA:24,0
DA:25,0
DA:27,0
DA:33,1
DA:48,0
DA:49,0
DA:50,0
DA:51,0
DA:52,0
DA:54,0
DA:55,0
DA:56,0
DA:58,0
DA:60,0
DA:65,1
LF:23
LH:7
BRDA:23,0,0,0
BRDA:23,0,1,0
BRDA:23,1,0,0
BRDA:23,1,1,0
BRDA:51,2,0,0
BRDA:55,3,0,0
BRF:6
BRH:0
end_of_record
TN:
SF:src\middleware\adminAuthorize.ts
FN:9,(anonymous_8)
FN:10,(anonymous_9)
FN:22,(anonymous_10)
FN:26,(anonymous_11)
FNF:4
FNH:2
FNDA:3,(anonymous_8)
FNDA:3,(anonymous_9)
FNDA:0,(anonymous_10)
FNDA:0,(anonymous_11)
DA:2,1
DA:5,1
DA:7,1
DA:9,1
DA:10,3
DA:11,3
DA:12,0
DA:14,3
DA:15,3
DA:17,0
DA:18,0
DA:22,1
DA:26,0
DA:27,0
DA:28,0
DA:31,0
DA:32,0
DA:35,0
DA:36,0
DA:38,0
LF:20
LH:9
BRDA:11,0,0,0
BRDA:14,1,0,3
BRDA:27,2,0,0
BRDA:31,3,0,0
BRDA:35,4,0,0
BRDA:35,4,1,0
BRF:6
BRH:1
end_of_record
TN:
SF:src\models\blog.ts
FNF:0
FNH:0
DA:1,1
DA:9,1
DA:30,1
LF:3
LH:3
BRF:0
BRH:0
end_of_record
TN:
SF:src\models\modelComments.ts
FNF:0
FNH:0
DA:1,1
DA:10,1
DA:29,1
LF:3
LH:3
BRF:0
BRH:0
end_of_record
TN:
SF:src\models\queriesModel.ts
FNF:0
FNH:0
DA:1,1
DA:10,1
DA:27,1
LF:3
LH:3
BRF:0
BRH:0
end_of_record
TN:
SF:src\models\user.ts
FN:24,(anonymous_14)
FNF:1
FNH:0
FNDA:0,(anonymous_14)
DA:2,1
DA:3,1
DA:12,1
DA:24,1
DA:25,0
DA:26,0
DA:28,0
DA:29,0
DA:30,0
DA:31,0
DA:34,1
LF:11
LH:5
BRDA:26,0,0,0
BRF:1
BRH:0
end_of_record
TN:
SF:src\routes\blogRoutes.ts
FNF:0
FNH:0
DA:1,1
DA:2,1
DA:3,1
DA:4,1
DA:7,1
DA:8,1
DA:9,1
DA:10,1
DA:11,1
DA:12,1
DA:13,1
DA:17,1
LF:12
LH:12
BRF:0
BRH:0
end_of_record
TN:
SF:src\routes\commentRoutes.ts
FNF:0
FNH:0
DA:1,1
DA:3,1
DA:6,1
DA:8,1
DA:9,1
DA:10,1
DA:11,1
DA:12,1
DA:14,1
LF:9
LH:9
BRF:0
BRH:0
end_of_record
TN:
SF:src\routes\queriesRouter.ts
FNF:0
FNH:0
DA:1,1
DA:3,1
DA:5,1
DA:7,1
DA:8,1
DA:9,1
DA:10,1
DA:11,1
DA:13,1
LF:9
LH:9
BRF:0
BRH:0
end_of_record
TN:
SF:src\routes\user.ts
FNF:0
FNH:0
DA:1,1
DA:2,1
DA:3,1
DA:4,1
DA:7,1
DA:9,1
DA:14,1
DA:15,1
DA:21,1
LF:9
LH:9
BRF:0
BRH:0
end_of_record
TN:
SF:src\utils\validate.ts
FNF:0
FNH:0
DA:1,1
DA:3,1
DA:10,1
LF:3
LH:3
BRF:0
BRH:0
end_of_record
